-- Assembler LOG-- 

INFO : [LIST2BIN] > ##### LIST 2 BIN
INFO : [Instruction.PORT_WR] > No time specified for command will use s_time in line 9
INFO : [Instruction.PORT_WR] > No time specified for command will use s_time in line 13
INFO : [Instruction.PORT_WR] > No time specified for command will use s_time in line 15
INFO : [Instruction.PORT_WR] > No time specified for command will use s_time in line 16
INFO : [Instruction.PORT_WR] > No time specified for command will use s_time in line 18
INFO : [Instruction.PORT_WR] > No time specified for command will use s_time in line 19
INFO : [COMMAND_TRANSLATION] > Command Wait add one more instruction 21
INFO : [LIST2BIN] > ##### LIST 2 BIN
INFO : [Instruction.PORT_WR] > No time specified for command will use s_time in line 9
INFO : [Instruction.PORT_WR] > No time specified for command will use s_time in line 11
INFO : [Instruction.PORT_WR] > No time specified for command will use s_time in line 13
INFO : [Instruction.PORT_WR] > No time specified for command will use s_time in line 16
INFO : [Instruction.PORT_WR] > No time specified for command will use s_time in line 18
INFO : [Instruction.PORT_WR] > No time specified for command will use s_time in line 19
INFO : [Instruction.PORT_WR] > No time specified for command will use s_time in line 21
INFO : [Instruction.PORT_WR] > No time specified for command will use s_time in line 22
INFO : [COMMAND_TRANSLATION] > Command Wait add one more instruction 24
INFO : [LIST2BIN] > ##### LIST 2 BIN
INFO : [Instruction.PORT_WR] > No time specified for command will use s_time in line 9
INFO : [Instruction.PORT_WR] > No time specified for command will use s_time in line 13
INFO : [Instruction.PORT_WR] > No time specified for command will use s_time in line 15
INFO : [Instruction.PORT_WR] > No time specified for command will use s_time in line 16
INFO : [Instruction.PORT_WR] > No time specified for command will use s_time in line 18
INFO : [Instruction.PORT_WR] > No time specified for command will use s_time in line 19
INFO : [COMMAND_TRANSLATION] > Command Wait add one more instruction 21
INFO : [LIST2BIN] > ##### LIST 2 BIN
INFO : [Instruction.PORT_WR] > No time specified for command will use s_time in line 9
INFO : [Instruction.PORT_WR] > No time specified for command will use s_time in line 11
INFO : [Instruction.PORT_WR] > No time specified for command will use s_time in line 13
INFO : [Instruction.PORT_WR] > No time specified for command will use s_time in line 16
INFO : [Instruction.PORT_WR] > No time specified for command will use s_time in line 18
INFO : [Instruction.PORT_WR] > No time specified for command will use s_time in line 19
INFO : [Instruction.PORT_WR] > No time specified for command will use s_time in line 21
INFO : [Instruction.PORT_WR] > No time specified for command will use s_time in line 22
INFO : [COMMAND_TRANSLATION] > Command Wait add one more instruction 24
INFO : [LIST2BIN] > ##### LIST 2 BIN
INFO : [Instruction.PORT_WR] > No time specified for command will use s_time in line 9
INFO : [Instruction.PORT_WR] > No time specified for command will use s_time in line 13
INFO : [Instruction.PORT_WR] > No time specified for command will use s_time in line 15
INFO : [Instruction.PORT_WR] > No time specified for command will use s_time in line 16
INFO : [Instruction.PORT_WR] > No time specified for command will use s_time in line 18
INFO : [Instruction.PORT_WR] > No time specified for command will use s_time in line 19
INFO : [COMMAND_TRANSLATION] > Command Wait add one more instruction 21
INFO : [LIST2BIN] > ##### LIST 2 BIN
INFO : [Instruction.PORT_WR] > No time specified for command will use s_time in line 9
INFO : [Instruction.PORT_WR] > No time specified for command will use s_time in line 11
INFO : [Instruction.PORT_WR] > No time specified for command will use s_time in line 13
INFO : [Instruction.PORT_WR] > No time specified for command will use s_time in line 16
INFO : [Instruction.PORT_WR] > No time specified for command will use s_time in line 18
INFO : [Instruction.PORT_WR] > No time specified for command will use s_time in line 19
INFO : [Instruction.PORT_WR] > No time specified for command will use s_time in line 21
INFO : [Instruction.PORT_WR] > No time specified for command will use s_time in line 22
INFO : [COMMAND_TRANSLATION] > Command Wait add one more instruction 24
INFO : [LIST2BIN] > ##### LIST 2 BIN
INFO : [Instruction.PORT_WR] > No time specified for command will use s_time in line 9
INFO : [Instruction.PORT_WR] > No time specified for command will use s_time in line 13
INFO : [Instruction.PORT_WR] > No time specified for command will use s_time in line 15
INFO : [Instruction.PORT_WR] > No time specified for command will use s_time in line 16
INFO : [Instruction.PORT_WR] > No time specified for command will use s_time in line 18
INFO : [Instruction.PORT_WR] > No time specified for command will use s_time in line 19
INFO : [COMMAND_TRANSLATION] > Command Wait add one more instruction 21
INFO : [LIST2BIN] > ##### LIST 2 BIN
INFO : [Instruction.PORT_WR] > No time specified for command will use s_time in line 9
INFO : [Instruction.PORT_WR] > No time specified for command will use s_time in line 11
INFO : [Instruction.PORT_WR] > No time specified for command will use s_time in line 13
INFO : [Instruction.PORT_WR] > No time specified for command will use s_time in line 16
INFO : [Instruction.PORT_WR] > No time specified for command will use s_time in line 18
INFO : [Instruction.PORT_WR] > No time specified for command will use s_time in line 19
INFO : [Instruction.PORT_WR] > No time specified for command will use s_time in line 21
INFO : [Instruction.PORT_WR] > No time specified for command will use s_time in line 22
INFO : [COMMAND_TRANSLATION] > Command Wait add one more instruction 24
INFO : [LIST2BIN] > ##### LIST 2 BIN
INFO : [Instruction.PORT_WR] > No time specified for command will use s_time in line 9
INFO : [Instruction.PORT_WR] > No time specified for command will use s_time in line 13
INFO : [Instruction.PORT_WR] > No time specified for command will use s_time in line 15
INFO : [Instruction.PORT_WR] > No time specified for command will use s_time in line 16
INFO : [Instruction.PORT_WR] > No time specified for command will use s_time in line 18
INFO : [Instruction.PORT_WR] > No time specified for command will use s_time in line 19
INFO : [COMMAND_TRANSLATION] > Command Wait add one more instruction 21
INFO : [LIST2BIN] > ##### LIST 2 BIN
INFO : [Instruction.PORT_WR] > No time specified for command will use s_time in line 9
INFO : [Instruction.PORT_WR] > No time specified for command will use s_time in line 11
INFO : [Instruction.PORT_WR] > No time specified for command will use s_time in line 13
INFO : [Instruction.PORT_WR] > No time specified for command will use s_time in line 16
INFO : [Instruction.PORT_WR] > No time specified for command will use s_time in line 18
INFO : [Instruction.PORT_WR] > No time specified for command will use s_time in line 19
INFO : [Instruction.PORT_WR] > No time specified for command will use s_time in line 21
INFO : [Instruction.PORT_WR] > No time specified for command will use s_time in line 22
INFO : [COMMAND_TRANSLATION] > Command Wait add one more instruction 24
INFO : [LIST2BIN] > ##### LIST 2 BIN
INFO : [Instruction.PORT_WR] > No time specified for command will use s_time in line 11
INFO : [Instruction.PORT_WR] > No time specified for command will use s_time in line 15
INFO : [Instruction.PORT_WR] > No time specified for command will use s_time in line 17
INFO : [Instruction.PORT_WR] > No time specified for command will use s_time in line 18
INFO : [Instruction.PORT_WR] > No time specified for command will use s_time in line 20
INFO : [Instruction.PORT_WR] > No time specified for command will use s_time in line 21
INFO : [COMMAND_TRANSLATION] > Command Wait add one more instruction 23
INFO : [LIST2BIN] > ##### LIST 2 BIN
INFO : [Instruction.PORT_WR] > No time specified for command will use s_time in line 11
INFO : [Instruction.PORT_WR] > No time specified for command will use s_time in line 13
INFO : [Instruction.PORT_WR] > No time specified for command will use s_time in line 15
INFO : [Instruction.PORT_WR] > No time specified for command will use s_time in line 18
INFO : [Instruction.PORT_WR] > No time specified for command will use s_time in line 20
INFO : [Instruction.PORT_WR] > No time specified for command will use s_time in line 21
INFO : [Instruction.PORT_WR] > No time specified for command will use s_time in line 23
INFO : [Instruction.PORT_WR] > No time specified for command will use s_time in line 24
INFO : [COMMAND_TRANSLATION] > Command Wait add one more instruction 26
INFO : [LIST2BIN] > ##### LIST 2 BIN
INFO : [Instruction.PORT_WR] > No time specified for command will use s_time in line 9
INFO : [Instruction.PORT_WR] > No time specified for command will use s_time in line 13
INFO : [Instruction.PORT_WR] > No time specified for command will use s_time in line 15
INFO : [Instruction.PORT_WR] > No time specified for command will use s_time in line 16
INFO : [Instruction.PORT_WR] > No time specified for command will use s_time in line 18
INFO : [Instruction.PORT_WR] > No time specified for command will use s_time in line 19
INFO : [COMMAND_TRANSLATION] > Command Wait add one more instruction 21
INFO : [LIST2BIN] > ##### LIST 2 BIN
INFO : [Instruction.PORT_WR] > No time specified for command will use s_time in line 9
INFO : [Instruction.PORT_WR] > No time specified for command will use s_time in line 11
INFO : [Instruction.PORT_WR] > No time specified for command will use s_time in line 13
INFO : [Instruction.PORT_WR] > No time specified for command will use s_time in line 16
INFO : [Instruction.PORT_WR] > No time specified for command will use s_time in line 18
INFO : [Instruction.PORT_WR] > No time specified for command will use s_time in line 19
INFO : [Instruction.PORT_WR] > No time specified for command will use s_time in line 21
INFO : [Instruction.PORT_WR] > No time specified for command will use s_time in line 22
INFO : [COMMAND_TRANSLATION] > Command Wait add one more instruction 24
INFO : [LIST2BIN] > ##### LIST 2 BIN
INFO : [Instruction.PORT_WR] > No time specified for command will use s_time in line 9
INFO : [Instruction.PORT_WR] > No time specified for command will use s_time in line 13
INFO : [Instruction.PORT_WR] > No time specified for command will use s_time in line 15
INFO : [Instruction.PORT_WR] > No time specified for command will use s_time in line 16
INFO : [Instruction.PORT_WR] > No time specified for command will use s_time in line 18
INFO : [Instruction.PORT_WR] > No time specified for command will use s_time in line 19
INFO : [COMMAND_TRANSLATION] > Command Wait add one more instruction 21
INFO : [LIST2BIN] > ##### LIST 2 BIN
INFO : [Instruction.PORT_WR] > No time specified for command will use s_time in line 9
INFO : [Instruction.PORT_WR] > No time specified for command will use s_time in line 11
INFO : [Instruction.PORT_WR] > No time specified for command will use s_time in line 13
INFO : [Instruction.PORT_WR] > No time specified for command will use s_time in line 16
INFO : [Instruction.PORT_WR] > No time specified for command will use s_time in line 18
INFO : [Instruction.PORT_WR] > No time specified for command will use s_time in line 19
INFO : [Instruction.PORT_WR] > No time specified for command will use s_time in line 21
INFO : [Instruction.PORT_WR] > No time specified for command will use s_time in line 22
INFO : [COMMAND_TRANSLATION] > Command Wait add one more instruction 24
INFO : [LIST2BIN] > ##### LIST 2 BIN
INFO : [Instruction.PORT_WR] > No time specified for command will use s_time in line 9
INFO : [Instruction.PORT_WR] > No time specified for command will use s_time in line 13
INFO : [Instruction.PORT_WR] > No time specified for command will use s_time in line 15
INFO : [Instruction.PORT_WR] > No time specified for command will use s_time in line 16
INFO : [Instruction.PORT_WR] > No time specified for command will use s_time in line 18
INFO : [Instruction.PORT_WR] > No time specified for command will use s_time in line 19
INFO : [COMMAND_TRANSLATION] > Command Wait add one more instruction 21
INFO : [LIST2BIN] > ##### LIST 2 BIN
INFO : [Instruction.PORT_WR] > No time specified for command will use s_time in line 9
INFO : [Instruction.PORT_WR] > No time specified for command will use s_time in line 11
INFO : [Instruction.PORT_WR] > No time specified for command will use s_time in line 13
INFO : [Instruction.PORT_WR] > No time specified for command will use s_time in line 16
INFO : [Instruction.PORT_WR] > No time specified for command will use s_time in line 18
INFO : [Instruction.PORT_WR] > No time specified for command will use s_time in line 19
INFO : [Instruction.PORT_WR] > No time specified for command will use s_time in line 21
INFO : [Instruction.PORT_WR] > No time specified for command will use s_time in line 22
INFO : [COMMAND_TRANSLATION] > Command Wait add one more instruction 24
INFO : [LIST2BIN] > ##### LIST 2 BIN
INFO : [Instruction.PORT_WR] > No time specified for command will use s_time in line 10
INFO : [Instruction.PORT_WR] > No time specified for command will use s_time in line 14
INFO : [Instruction.PORT_WR] > No time specified for command will use s_time in line 16
INFO : [Instruction.PORT_WR] > No time specified for command will use s_time in line 17
INFO : [Instruction.PORT_WR] > No time specified for command will use s_time in line 19
INFO : [Instruction.PORT_WR] > No time specified for command will use s_time in line 20
INFO : [COMMAND_TRANSLATION] > Command Wait add one more instruction 22
INFO : [LIST2BIN] > ##### LIST 2 BIN
INFO : [Instruction.PORT_WR] > No time specified for command will use s_time in line 10
INFO : [Instruction.PORT_WR] > No time specified for command will use s_time in line 12
INFO : [Instruction.PORT_WR] > No time specified for command will use s_time in line 14
INFO : [Instruction.PORT_WR] > No time specified for command will use s_time in line 17
INFO : [Instruction.PORT_WR] > No time specified for command will use s_time in line 19
INFO : [Instruction.PORT_WR] > No time specified for command will use s_time in line 20
INFO : [Instruction.PORT_WR] > No time specified for command will use s_time in line 22
INFO : [Instruction.PORT_WR] > No time specified for command will use s_time in line 23
INFO : [COMMAND_TRANSLATION] > Command Wait add one more instruction 25
INFO : [LIST2BIN] > ##### LIST 2 BIN
INFO : [Instruction.PORT_WR] > No time specified for command will use s_time in line 12
INFO : [Instruction.PORT_WR] > No time specified for command will use s_time in line 16
INFO : [Instruction.PORT_WR] > No time specified for command will use s_time in line 18
INFO : [Instruction.PORT_WR] > No time specified for command will use s_time in line 19
INFO : [Instruction.PORT_WR] > No time specified for command will use s_time in line 21
INFO : [Instruction.PORT_WR] > No time specified for command will use s_time in line 22
INFO : [COMMAND_TRANSLATION] > Command Wait add one more instruction 24
INFO : [LIST2BIN] > ##### LIST 2 BIN
INFO : [Instruction.PORT_WR] > No time specified for command will use s_time in line 12
INFO : [Instruction.PORT_WR] > No time specified for command will use s_time in line 14
INFO : [Instruction.PORT_WR] > No time specified for command will use s_time in line 16
INFO : [Instruction.PORT_WR] > No time specified for command will use s_time in line 19
INFO : [Instruction.PORT_WR] > No time specified for command will use s_time in line 21
INFO : [Instruction.PORT_WR] > No time specified for command will use s_time in line 22
INFO : [Instruction.PORT_WR] > No time specified for command will use s_time in line 24
INFO : [Instruction.PORT_WR] > No time specified for command will use s_time in line 25
INFO : [COMMAND_TRANSLATION] > Command Wait add one more instruction 27
INFO : [LIST2BIN] > ##### LIST 2 BIN
INFO : [Instruction.PORT_WR] > No time specified for command will use s_time in line 9
INFO : [Instruction.PORT_WR] > No time specified for command will use s_time in line 13
INFO : [Instruction.PORT_WR] > No time specified for command will use s_time in line 15
INFO : [Instruction.PORT_WR] > No time specified for command will use s_time in line 16
INFO : [Instruction.PORT_WR] > No time specified for command will use s_time in line 18
INFO : [Instruction.PORT_WR] > No time specified for command will use s_time in line 19
INFO : [COMMAND_TRANSLATION] > Command Wait add one more instruction 21
INFO : [LIST2BIN] > ##### LIST 2 BIN
INFO : [Instruction.PORT_WR] > No time specified for command will use s_time in line 9
INFO : [Instruction.PORT_WR] > No time specified for command will use s_time in line 11
INFO : [Instruction.PORT_WR] > No time specified for command will use s_time in line 13
INFO : [Instruction.PORT_WR] > No time specified for command will use s_time in line 16
INFO : [Instruction.PORT_WR] > No time specified for command will use s_time in line 18
INFO : [Instruction.PORT_WR] > No time specified for command will use s_time in line 19
INFO : [Instruction.PORT_WR] > No time specified for command will use s_time in line 21
INFO : [Instruction.PORT_WR] > No time specified for command will use s_time in line 22
INFO : [COMMAND_TRANSLATION] > Command Wait add one more instruction 24
INFO : [LIST2BIN] > ##### LIST 2 BIN
INFO : [Instruction.PORT_WR] > No time specified for command will use s_time in line 9
INFO : [Instruction.PORT_WR] > No time specified for command will use s_time in line 13
INFO : [Instruction.PORT_WR] > No time specified for command will use s_time in line 15
INFO : [Instruction.PORT_WR] > No time specified for command will use s_time in line 16
INFO : [Instruction.PORT_WR] > No time specified for command will use s_time in line 18
INFO : [Instruction.PORT_WR] > No time specified for command will use s_time in line 19
INFO : [COMMAND_TRANSLATION] > Command Wait add one more instruction 21
INFO : [LIST2BIN] > ##### LIST 2 BIN
INFO : [Instruction.PORT_WR] > No time specified for command will use s_time in line 9
INFO : [Instruction.PORT_WR] > No time specified for command will use s_time in line 11
INFO : [Instruction.PORT_WR] > No time specified for command will use s_time in line 13
INFO : [Instruction.PORT_WR] > No time specified for command will use s_time in line 16
INFO : [Instruction.PORT_WR] > No time specified for command will use s_time in line 18
INFO : [Instruction.PORT_WR] > No time specified for command will use s_time in line 19
INFO : [Instruction.PORT_WR] > No time specified for command will use s_time in line 21
INFO : [Instruction.PORT_WR] > No time specified for command will use s_time in line 22
INFO : [COMMAND_TRANSLATION] > Command Wait add one more instruction 24
INFO : [LIST2BIN] > ##### LIST 2 BIN
INFO : [Instruction.PORT_WR] > No time specified for command will use s_time in line 9
INFO : [Instruction.PORT_WR] > No time specified for command will use s_time in line 13
INFO : [Instruction.PORT_WR] > No time specified for command will use s_time in line 15
INFO : [Instruction.PORT_WR] > No time specified for command will use s_time in line 16
INFO : [Instruction.PORT_WR] > No time specified for command will use s_time in line 18
INFO : [Instruction.PORT_WR] > No time specified for command will use s_time in line 19
INFO : [COMMAND_TRANSLATION] > Command Wait add one more instruction 21
INFO : [LIST2BIN] > ##### LIST 2 BIN
INFO : [Instruction.PORT_WR] > No time specified for command will use s_time in line 9
INFO : [Instruction.PORT_WR] > No time specified for command will use s_time in line 11
INFO : [Instruction.PORT_WR] > No time specified for command will use s_time in line 13
INFO : [Instruction.PORT_WR] > No time specified for command will use s_time in line 16
INFO : [Instruction.PORT_WR] > No time specified for command will use s_time in line 18
INFO : [Instruction.PORT_WR] > No time specified for command will use s_time in line 19
INFO : [Instruction.PORT_WR] > No time specified for command will use s_time in line 21
INFO : [Instruction.PORT_WR] > No time specified for command will use s_time in line 22
INFO : [COMMAND_TRANSLATION] > Command Wait add one more instruction 24
INFO : [LIST2BIN] > ##### LIST 2 BIN
INFO : [Instruction.PORT_WR] > No time specified for command will use s_time in line 9
INFO : [Instruction.PORT_WR] > No time specified for command will use s_time in line 13
INFO : [Instruction.PORT_WR] > No time specified for command will use s_time in line 15
INFO : [Instruction.PORT_WR] > No time specified for command will use s_time in line 16
INFO : [Instruction.PORT_WR] > No time specified for command will use s_time in line 18
INFO : [Instruction.PORT_WR] > No time specified for command will use s_time in line 19
INFO : [COMMAND_TRANSLATION] > Command Wait add one more instruction 21
INFO : [LIST2BIN] > ##### LIST 2 BIN
INFO : [Instruction.PORT_WR] > No time specified for command will use s_time in line 9
INFO : [Instruction.PORT_WR] > No time specified for command will use s_time in line 11
INFO : [Instruction.PORT_WR] > No time specified for command will use s_time in line 13
INFO : [Instruction.PORT_WR] > No time specified for command will use s_time in line 16
INFO : [Instruction.PORT_WR] > No time specified for command will use s_time in line 18
INFO : [Instruction.PORT_WR] > No time specified for command will use s_time in line 19
INFO : [Instruction.PORT_WR] > No time specified for command will use s_time in line 21
INFO : [Instruction.PORT_WR] > No time specified for command will use s_time in line 22
INFO : [COMMAND_TRANSLATION] > Command Wait add one more instruction 24
INFO : [LIST2BIN] > ##### LIST 2 BIN
INFO : [Instruction.PORT_WR] > No time specified for command will use s_time in line 9
INFO : [Instruction.PORT_WR] > No time specified for command will use s_time in line 13
INFO : [Instruction.PORT_WR] > No time specified for command will use s_time in line 15
INFO : [Instruction.PORT_WR] > No time specified for command will use s_time in line 16
INFO : [Instruction.PORT_WR] > No time specified for command will use s_time in line 18
INFO : [Instruction.PORT_WR] > No time specified for command will use s_time in line 19
INFO : [COMMAND_TRANSLATION] > Command Wait add one more instruction 21
INFO : [LIST2BIN] > ##### LIST 2 BIN
INFO : [Instruction.PORT_WR] > No time specified for command will use s_time in line 9
INFO : [Instruction.PORT_WR] > No time specified for command will use s_time in line 11
INFO : [Instruction.PORT_WR] > No time specified for command will use s_time in line 13
INFO : [Instruction.PORT_WR] > No time specified for command will use s_time in line 16
INFO : [Instruction.PORT_WR] > No time specified for command will use s_time in line 18
INFO : [Instruction.PORT_WR] > No time specified for command will use s_time in line 19
INFO : [Instruction.PORT_WR] > No time specified for command will use s_time in line 21
INFO : [Instruction.PORT_WR] > No time specified for command will use s_time in line 22
INFO : [COMMAND_TRANSLATION] > Command Wait add one more instruction 24
INFO : [LIST2BIN] > ##### LIST 2 BIN
INFO : [Instruction.PORT_WR] > No time specified for command will use s_time in line 9
INFO : [Instruction.PORT_WR] > No time specified for command will use s_time in line 13
INFO : [Instruction.PORT_WR] > No time specified for command will use s_time in line 15
INFO : [Instruction.PORT_WR] > No time specified for command will use s_time in line 16
INFO : [Instruction.PORT_WR] > No time specified for command will use s_time in line 18
INFO : [Instruction.PORT_WR] > No time specified for command will use s_time in line 19
INFO : [COMMAND_TRANSLATION] > Command Wait add one more instruction 21
INFO : [LIST2BIN] > ##### LIST 2 BIN
INFO : [Instruction.PORT_WR] > No time specified for command will use s_time in line 9
INFO : [Instruction.PORT_WR] > No time specified for command will use s_time in line 11
INFO : [Instruction.PORT_WR] > No time specified for command will use s_time in line 13
INFO : [Instruction.PORT_WR] > No time specified for command will use s_time in line 16
INFO : [Instruction.PORT_WR] > No time specified for command will use s_time in line 18
INFO : [Instruction.PORT_WR] > No time specified for command will use s_time in line 19
INFO : [Instruction.PORT_WR] > No time specified for command will use s_time in line 21
INFO : [Instruction.PORT_WR] > No time specified for command will use s_time in line 22
INFO : [COMMAND_TRANSLATION] > Command Wait add one more instruction 24
INFO : [LIST2BIN] > ##### LIST 2 BIN
INFO : [Instruction.PORT_WR] > No time specified for command will use s_time in line 9
INFO : [Instruction.PORT_WR] > No time specified for command will use s_time in line 13
INFO : [Instruction.PORT_WR] > No time specified for command will use s_time in line 15
INFO : [Instruction.PORT_WR] > No time specified for command will use s_time in line 16
INFO : [Instruction.PORT_WR] > No time specified for command will use s_time in line 18
INFO : [Instruction.PORT_WR] > No time specified for command will use s_time in line 19
INFO : [COMMAND_TRANSLATION] > Command Wait add one more instruction 21
INFO : [LIST2BIN] > ##### LIST 2 BIN
INFO : [Instruction.PORT_WR] > No time specified for command will use s_time in line 9
INFO : [Instruction.PORT_WR] > No time specified for command will use s_time in line 11
INFO : [Instruction.PORT_WR] > No time specified for command will use s_time in line 13
INFO : [Instruction.PORT_WR] > No time specified for command will use s_time in line 16
INFO : [Instruction.PORT_WR] > No time specified for command will use s_time in line 18
INFO : [Instruction.PORT_WR] > No time specified for command will use s_time in line 19
INFO : [Instruction.PORT_WR] > No time specified for command will use s_time in line 21
INFO : [Instruction.PORT_WR] > No time specified for command will use s_time in line 22
INFO : [COMMAND_TRANSLATION] > Command Wait add one more instruction 24
INFO : [LIST2BIN] > ##### LIST 2 BIN
INFO : [Instruction.PORT_WR] > No time specified for command will use s_time in line 9
INFO : [Instruction.PORT_WR] > No time specified for command will use s_time in line 13
INFO : [Instruction.PORT_WR] > No time specified for command will use s_time in line 15
INFO : [Instruction.PORT_WR] > No time specified for command will use s_time in line 16
INFO : [Instruction.PORT_WR] > No time specified for command will use s_time in line 18
INFO : [Instruction.PORT_WR] > No time specified for command will use s_time in line 19
INFO : [COMMAND_TRANSLATION] > Command Wait add one more instruction 21
INFO : [LIST2BIN] > ##### LIST 2 BIN
INFO : [Instruction.PORT_WR] > No time specified for command will use s_time in line 9
INFO : [Instruction.PORT_WR] > No time specified for command will use s_time in line 11
INFO : [Instruction.PORT_WR] > No time specified for command will use s_time in line 13
INFO : [Instruction.PORT_WR] > No time specified for command will use s_time in line 16
INFO : [Instruction.PORT_WR] > No time specified for command will use s_time in line 18
INFO : [Instruction.PORT_WR] > No time specified for command will use s_time in line 19
INFO : [Instruction.PORT_WR] > No time specified for command will use s_time in line 21
INFO : [Instruction.PORT_WR] > No time specified for command will use s_time in line 22
INFO : [COMMAND_TRANSLATION] > Command Wait add one more instruction 24
INFO : [LIST2BIN] > ##### LIST 2 BIN
INFO : [Instruction.PORT_WR] > No time specified for command will use s_time in line 9
INFO : [Instruction.PORT_WR] > No time specified for command will use s_time in line 13
INFO : [Instruction.PORT_WR] > No time specified for command will use s_time in line 15
INFO : [Instruction.PORT_WR] > No time specified for command will use s_time in line 16
INFO : [Instruction.PORT_WR] > No time specified for command will use s_time in line 18
INFO : [Instruction.PORT_WR] > No time specified for command will use s_time in line 19
INFO : [COMMAND_TRANSLATION] > Command Wait add one more instruction 21
INFO : [LIST2BIN] > ##### LIST 2 BIN
INFO : [Instruction.PORT_WR] > No time specified for command will use s_time in line 9
INFO : [Instruction.PORT_WR] > No time specified for command will use s_time in line 11
INFO : [Instruction.PORT_WR] > No time specified for command will use s_time in line 13
INFO : [Instruction.PORT_WR] > No time specified for command will use s_time in line 16
INFO : [Instruction.PORT_WR] > No time specified for command will use s_time in line 18
INFO : [Instruction.PORT_WR] > No time specified for command will use s_time in line 19
INFO : [Instruction.PORT_WR] > No time specified for command will use s_time in line 21
INFO : [Instruction.PORT_WR] > No time specified for command will use s_time in line 22
INFO : [COMMAND_TRANSLATION] > Command Wait add one more instruction 24
INFO : [LIST2BIN] > ##### LIST 2 BIN
INFO : [Instruction.PORT_WR] > No time specified for command will use s_time in line 9
INFO : [Instruction.PORT_WR] > No time specified for command will use s_time in line 13
INFO : [Instruction.PORT_WR] > No time specified for command will use s_time in line 15
INFO : [Instruction.PORT_WR] > No time specified for command will use s_time in line 16
INFO : [Instruction.PORT_WR] > No time specified for command will use s_time in line 18
INFO : [Instruction.PORT_WR] > No time specified for command will use s_time in line 19
INFO : [COMMAND_TRANSLATION] > Command Wait add one more instruction 21
INFO : [LIST2BIN] > ##### LIST 2 BIN
INFO : [Instruction.PORT_WR] > No time specified for command will use s_time in line 9
INFO : [Instruction.PORT_WR] > No time specified for command will use s_time in line 11
INFO : [Instruction.PORT_WR] > No time specified for command will use s_time in line 13
INFO : [Instruction.PORT_WR] > No time specified for command will use s_time in line 16
INFO : [Instruction.PORT_WR] > No time specified for command will use s_time in line 18
INFO : [Instruction.PORT_WR] > No time specified for command will use s_time in line 19
INFO : [Instruction.PORT_WR] > No time specified for command will use s_time in line 21
INFO : [Instruction.PORT_WR] > No time specified for command will use s_time in line 22
INFO : [COMMAND_TRANSLATION] > Command Wait add one more instruction 24
INFO : [LIST2BIN] > ##### LIST 2 BIN
INFO : [Instruction.PORT_WR] > No time specified for command will use s_time in line 9
INFO : [Instruction.PORT_WR] > No time specified for command will use s_time in line 13
INFO : [Instruction.PORT_WR] > No time specified for command will use s_time in line 15
INFO : [Instruction.PORT_WR] > No time specified for command will use s_time in line 16
INFO : [Instruction.PORT_WR] > No time specified for command will use s_time in line 18
INFO : [Instruction.PORT_WR] > No time specified for command will use s_time in line 19
INFO : [COMMAND_TRANSLATION] > Command Wait add one more instruction 21
INFO : [LIST2BIN] > ##### LIST 2 BIN
INFO : [Instruction.PORT_WR] > No time specified for command will use s_time in line 9
INFO : [Instruction.PORT_WR] > No time specified for command will use s_time in line 11
INFO : [Instruction.PORT_WR] > No time specified for command will use s_time in line 13
INFO : [Instruction.PORT_WR] > No time specified for command will use s_time in line 16
INFO : [Instruction.PORT_WR] > No time specified for command will use s_time in line 18
INFO : [Instruction.PORT_WR] > No time specified for command will use s_time in line 19
INFO : [Instruction.PORT_WR] > No time specified for command will use s_time in line 21
INFO : [Instruction.PORT_WR] > No time specified for command will use s_time in line 22
INFO : [COMMAND_TRANSLATION] > Command Wait add one more instruction 24
INFO : [LIST2BIN] > ##### LIST 2 BIN
INFO : [Instruction.PORT_WR] > No time specified for command will use s_time in line 9
INFO : [Instruction.PORT_WR] > No time specified for command will use s_time in line 13
INFO : [Instruction.PORT_WR] > No time specified for command will use s_time in line 15
INFO : [Instruction.PORT_WR] > No time specified for command will use s_time in line 16
INFO : [Instruction.PORT_WR] > No time specified for command will use s_time in line 18
INFO : [Instruction.PORT_WR] > No time specified for command will use s_time in line 19
INFO : [COMMAND_TRANSLATION] > Command Wait add one more instruction 21
INFO : [LIST2BIN] > ##### LIST 2 BIN
INFO : [Instruction.PORT_WR] > No time specified for command will use s_time in line 9
INFO : [Instruction.PORT_WR] > No time specified for command will use s_time in line 11
INFO : [Instruction.PORT_WR] > No time specified for command will use s_time in line 13
INFO : [Instruction.PORT_WR] > No time specified for command will use s_time in line 16
INFO : [Instruction.PORT_WR] > No time specified for command will use s_time in line 18
INFO : [Instruction.PORT_WR] > No time specified for command will use s_time in line 19
INFO : [Instruction.PORT_WR] > No time specified for command will use s_time in line 21
INFO : [Instruction.PORT_WR] > No time specified for command will use s_time in line 22
INFO : [COMMAND_TRANSLATION] > Command Wait add one more instruction 24
INFO : [LIST2BIN] > ##### LIST 2 BIN
INFO : [Instruction.PORT_WR] > No time specified for command will use s_time in line 9
INFO : [Instruction.PORT_WR] > No time specified for command will use s_time in line 13
INFO : [Instruction.PORT_WR] > No time specified for command will use s_time in line 15
INFO : [Instruction.PORT_WR] > No time specified for command will use s_time in line 16
INFO : [Instruction.PORT_WR] > No time specified for command will use s_time in line 18
INFO : [Instruction.PORT_WR] > No time specified for command will use s_time in line 19
INFO : [COMMAND_TRANSLATION] > Command Wait add one more instruction 21
INFO : [LIST2BIN] > ##### LIST 2 BIN
INFO : [Instruction.PORT_WR] > No time specified for command will use s_time in line 9
INFO : [Instruction.PORT_WR] > No time specified for command will use s_time in line 11
INFO : [Instruction.PORT_WR] > No time specified for command will use s_time in line 13
INFO : [Instruction.PORT_WR] > No time specified for command will use s_time in line 16
INFO : [Instruction.PORT_WR] > No time specified for command will use s_time in line 18
INFO : [Instruction.PORT_WR] > No time specified for command will use s_time in line 19
INFO : [Instruction.PORT_WR] > No time specified for command will use s_time in line 21
INFO : [Instruction.PORT_WR] > No time specified for command will use s_time in line 22
INFO : [COMMAND_TRANSLATION] > Command Wait add one more instruction 24
INFO : [LIST2BIN] > ##### LIST 2 BIN
INFO : [Instruction.PORT_WR] > No time specified for command will use s_time in line 9
INFO : [Instruction.PORT_WR] > No time specified for command will use s_time in line 13
INFO : [Instruction.PORT_WR] > No time specified for command will use s_time in line 15
INFO : [Instruction.PORT_WR] > No time specified for command will use s_time in line 16
INFO : [Instruction.PORT_WR] > No time specified for command will use s_time in line 18
INFO : [Instruction.PORT_WR] > No time specified for command will use s_time in line 19
INFO : [COMMAND_TRANSLATION] > Command Wait add one more instruction 21
INFO : [LIST2BIN] > ##### LIST 2 BIN
INFO : [Instruction.PORT_WR] > No time specified for command will use s_time in line 9
INFO : [Instruction.PORT_WR] > No time specified for command will use s_time in line 11
INFO : [Instruction.PORT_WR] > No time specified for command will use s_time in line 13
INFO : [Instruction.PORT_WR] > No time specified for command will use s_time in line 16
INFO : [Instruction.PORT_WR] > No time specified for command will use s_time in line 18
INFO : [Instruction.PORT_WR] > No time specified for command will use s_time in line 19
INFO : [Instruction.PORT_WR] > No time specified for command will use s_time in line 21
INFO : [Instruction.PORT_WR] > No time specified for command will use s_time in line 22
INFO : [COMMAND_TRANSLATION] > Command Wait add one more instruction 24
INFO : [LIST2BIN] > ##### LIST 2 BIN
INFO : [Instruction.PORT_WR] > No time specified for command will use s_time in line 9
INFO : [Instruction.PORT_WR] > No time specified for command will use s_time in line 13
INFO : [Instruction.PORT_WR] > No time specified for command will use s_time in line 15
INFO : [Instruction.PORT_WR] > No time specified for command will use s_time in line 16
INFO : [Instruction.PORT_WR] > No time specified for command will use s_time in line 18
INFO : [Instruction.PORT_WR] > No time specified for command will use s_time in line 19
INFO : [COMMAND_TRANSLATION] > Command Wait add one more instruction 21
INFO : [LIST2BIN] > ##### LIST 2 BIN
INFO : [Instruction.PORT_WR] > No time specified for command will use s_time in line 9
INFO : [Instruction.PORT_WR] > No time specified for command will use s_time in line 11
INFO : [Instruction.PORT_WR] > No time specified for command will use s_time in line 13
INFO : [Instruction.PORT_WR] > No time specified for command will use s_time in line 16
INFO : [Instruction.PORT_WR] > No time specified for command will use s_time in line 18
INFO : [Instruction.PORT_WR] > No time specified for command will use s_time in line 19
INFO : [Instruction.PORT_WR] > No time specified for command will use s_time in line 21
INFO : [Instruction.PORT_WR] > No time specified for command will use s_time in line 22
INFO : [COMMAND_TRANSLATION] > Command Wait add one more instruction 24
INFO : [LIST2BIN] > ##### LIST 2 BIN
INFO : [Instruction.PORT_WR] > No time specified for command will use s_time in line 9
INFO : [Instruction.PORT_WR] > No time specified for command will use s_time in line 13
INFO : [Instruction.PORT_WR] > No time specified for command will use s_time in line 15
INFO : [Instruction.PORT_WR] > No time specified for command will use s_time in line 16
INFO : [Instruction.PORT_WR] > No time specified for command will use s_time in line 18
INFO : [Instruction.PORT_WR] > No time specified for command will use s_time in line 19
INFO : [COMMAND_TRANSLATION] > Command Wait add one more instruction 21
INFO : [LIST2BIN] > ##### LIST 2 BIN
INFO : [Instruction.PORT_WR] > No time specified for command will use s_time in line 9
INFO : [Instruction.PORT_WR] > No time specified for command will use s_time in line 11
INFO : [Instruction.PORT_WR] > No time specified for command will use s_time in line 13
INFO : [Instruction.PORT_WR] > No time specified for command will use s_time in line 16
INFO : [Instruction.PORT_WR] > No time specified for command will use s_time in line 18
INFO : [Instruction.PORT_WR] > No time specified for command will use s_time in line 19
INFO : [Instruction.PORT_WR] > No time specified for command will use s_time in line 21
INFO : [Instruction.PORT_WR] > No time specified for command will use s_time in line 22
INFO : [COMMAND_TRANSLATION] > Command Wait add one more instruction 24
INFO : [LIST2BIN] > ##### LIST 2 BIN
INFO : [Instruction.PORT_WR] > No time specified for command will use s_time in line 9
INFO : [Instruction.PORT_WR] > No time specified for command will use s_time in line 13
INFO : [Instruction.PORT_WR] > No time specified for command will use s_time in line 15
INFO : [Instruction.PORT_WR] > No time specified for command will use s_time in line 16
INFO : [Instruction.PORT_WR] > No time specified for command will use s_time in line 18
INFO : [Instruction.PORT_WR] > No time specified for command will use s_time in line 19
INFO : [COMMAND_TRANSLATION] > Command Wait add one more instruction 21
INFO : [LIST2BIN] > ##### LIST 2 BIN
INFO : [Instruction.PORT_WR] > No time specified for command will use s_time in line 9
INFO : [Instruction.PORT_WR] > No time specified for command will use s_time in line 11
INFO : [Instruction.PORT_WR] > No time specified for command will use s_time in line 13
INFO : [Instruction.PORT_WR] > No time specified for command will use s_time in line 16
INFO : [Instruction.PORT_WR] > No time specified for command will use s_time in line 18
INFO : [Instruction.PORT_WR] > No time specified for command will use s_time in line 19
INFO : [Instruction.PORT_WR] > No time specified for command will use s_time in line 21
INFO : [Instruction.PORT_WR] > No time specified for command will use s_time in line 22
INFO : [COMMAND_TRANSLATION] > Command Wait add one more instruction 24
INFO : [LIST2BIN] > ##### LIST 2 BIN
INFO : [Instruction.PORT_WR] > No time specified for command will use s_time in line 9
INFO : [Instruction.PORT_WR] > No time specified for command will use s_time in line 13
INFO : [Instruction.PORT_WR] > No time specified for command will use s_time in line 15
INFO : [Instruction.PORT_WR] > No time specified for command will use s_time in line 16
INFO : [Instruction.PORT_WR] > No time specified for command will use s_time in line 18
INFO : [Instruction.PORT_WR] > No time specified for command will use s_time in line 19
INFO : [COMMAND_TRANSLATION] > Command Wait add one more instruction 21
INFO : [LIST2BIN] > ##### LIST 2 BIN
INFO : [Instruction.PORT_WR] > No time specified for command will use s_time in line 9
INFO : [Instruction.PORT_WR] > No time specified for command will use s_time in line 11
INFO : [Instruction.PORT_WR] > No time specified for command will use s_time in line 13
INFO : [Instruction.PORT_WR] > No time specified for command will use s_time in line 16
INFO : [Instruction.PORT_WR] > No time specified for command will use s_time in line 18
INFO : [Instruction.PORT_WR] > No time specified for command will use s_time in line 19
INFO : [Instruction.PORT_WR] > No time specified for command will use s_time in line 21
INFO : [Instruction.PORT_WR] > No time specified for command will use s_time in line 22
INFO : [COMMAND_TRANSLATION] > Command Wait add one more instruction 24
INFO : [LIST2BIN] > ##### LIST 2 BIN
INFO : [Instruction.PORT_WR] > No time specified for command will use s_time in line 9
INFO : [Instruction.PORT_WR] > No time specified for command will use s_time in line 13
INFO : [Instruction.PORT_WR] > No time specified for command will use s_time in line 15
INFO : [Instruction.PORT_WR] > No time specified for command will use s_time in line 16
INFO : [Instruction.PORT_WR] > No time specified for command will use s_time in line 18
INFO : [Instruction.PORT_WR] > No time specified for command will use s_time in line 19
INFO : [COMMAND_TRANSLATION] > Command Wait add one more instruction 21
INFO : [LIST2BIN] > ##### LIST 2 BIN
INFO : [Instruction.PORT_WR] > No time specified for command will use s_time in line 9
INFO : [Instruction.PORT_WR] > No time specified for command will use s_time in line 11
INFO : [Instruction.PORT_WR] > No time specified for command will use s_time in line 13
INFO : [Instruction.PORT_WR] > No time specified for command will use s_time in line 16
INFO : [Instruction.PORT_WR] > No time specified for command will use s_time in line 18
INFO : [Instruction.PORT_WR] > No time specified for command will use s_time in line 19
INFO : [Instruction.PORT_WR] > No time specified for command will use s_time in line 21
INFO : [Instruction.PORT_WR] > No time specified for command will use s_time in line 22
INFO : [COMMAND_TRANSLATION] > Command Wait add one more instruction 24
INFO : [LIST2BIN] > ##### LIST 2 BIN
INFO : [Instruction.PORT_WR] > No time specified for command will use s_time in line 9
INFO : [Instruction.PORT_WR] > No time specified for command will use s_time in line 13
INFO : [Instruction.PORT_WR] > No time specified for command will use s_time in line 15
INFO : [Instruction.PORT_WR] > No time specified for command will use s_time in line 16
INFO : [Instruction.PORT_WR] > No time specified for command will use s_time in line 18
INFO : [Instruction.PORT_WR] > No time specified for command will use s_time in line 19
INFO : [COMMAND_TRANSLATION] > Command Wait add one more instruction 21
INFO : [LIST2BIN] > ##### LIST 2 BIN
INFO : [Instruction.PORT_WR] > No time specified for command will use s_time in line 9
INFO : [Instruction.PORT_WR] > No time specified for command will use s_time in line 11
INFO : [Instruction.PORT_WR] > No time specified for command will use s_time in line 13
INFO : [Instruction.PORT_WR] > No time specified for command will use s_time in line 16
INFO : [Instruction.PORT_WR] > No time specified for command will use s_time in line 18
INFO : [Instruction.PORT_WR] > No time specified for command will use s_time in line 19
INFO : [Instruction.PORT_WR] > No time specified for command will use s_time in line 21
INFO : [Instruction.PORT_WR] > No time specified for command will use s_time in line 22
INFO : [COMMAND_TRANSLATION] > Command Wait add one more instruction 24
INFO : [LIST2BIN] > ##### LIST 2 BIN
INFO : [Instruction.PORT_WR] > No time specified for command will use s_time in line 9
INFO : [Instruction.PORT_WR] > No time specified for command will use s_time in line 13
INFO : [Instruction.PORT_WR] > No time specified for command will use s_time in line 15
INFO : [Instruction.PORT_WR] > No time specified for command will use s_time in line 16
INFO : [Instruction.PORT_WR] > No time specified for command will use s_time in line 18
INFO : [Instruction.PORT_WR] > No time specified for command will use s_time in line 19
INFO : [COMMAND_TRANSLATION] > Command Wait add one more instruction 21
INFO : [LIST2BIN] > ##### LIST 2 BIN
INFO : [Instruction.PORT_WR] > No time specified for command will use s_time in line 9
INFO : [Instruction.PORT_WR] > No time specified for command will use s_time in line 11
INFO : [Instruction.PORT_WR] > No time specified for command will use s_time in line 13
INFO : [Instruction.PORT_WR] > No time specified for command will use s_time in line 16
INFO : [Instruction.PORT_WR] > No time specified for command will use s_time in line 18
INFO : [Instruction.PORT_WR] > No time specified for command will use s_time in line 19
INFO : [Instruction.PORT_WR] > No time specified for command will use s_time in line 21
INFO : [Instruction.PORT_WR] > No time specified for command will use s_time in line 22
INFO : [COMMAND_TRANSLATION] > Command Wait add one more instruction 24
INFO : [LIST2BIN] > ##### LIST 2 BIN
INFO : [Instruction.PORT_WR] > No time specified for command will use s_time in line 9
INFO : [Instruction.PORT_WR] > No time specified for command will use s_time in line 13
INFO : [Instruction.PORT_WR] > No time specified for command will use s_time in line 15
INFO : [Instruction.PORT_WR] > No time specified for command will use s_time in line 16
INFO : [Instruction.PORT_WR] > No time specified for command will use s_time in line 18
INFO : [Instruction.PORT_WR] > No time specified for command will use s_time in line 19
INFO : [COMMAND_TRANSLATION] > Command Wait add one more instruction 21
INFO : [LIST2BIN] > ##### LIST 2 BIN
INFO : [Instruction.PORT_WR] > No time specified for command will use s_time in line 9
INFO : [Instruction.PORT_WR] > No time specified for command will use s_time in line 11
INFO : [Instruction.PORT_WR] > No time specified for command will use s_time in line 13
INFO : [Instruction.PORT_WR] > No time specified for command will use s_time in line 16
INFO : [Instruction.PORT_WR] > No time specified for command will use s_time in line 18
INFO : [Instruction.PORT_WR] > No time specified for command will use s_time in line 19
INFO : [Instruction.PORT_WR] > No time specified for command will use s_time in line 21
INFO : [Instruction.PORT_WR] > No time specified for command will use s_time in line 22
INFO : [COMMAND_TRANSLATION] > Command Wait add one more instruction 24
INFO : [LIST2BIN] > ##### LIST 2 BIN
INFO : [Instruction.PORT_WR] > No time specified for command will use s_time in line 9
INFO : [Instruction.PORT_WR] > No time specified for command will use s_time in line 13
INFO : [Instruction.PORT_WR] > No time specified for command will use s_time in line 15
INFO : [Instruction.PORT_WR] > No time specified for command will use s_time in line 16
INFO : [Instruction.PORT_WR] > No time specified for command will use s_time in line 18
INFO : [Instruction.PORT_WR] > No time specified for command will use s_time in line 19
INFO : [COMMAND_TRANSLATION] > Command Wait add one more instruction 21
INFO : [LIST2BIN] > ##### LIST 2 BIN
INFO : [Instruction.PORT_WR] > No time specified for command will use s_time in line 9
INFO : [Instruction.PORT_WR] > No time specified for command will use s_time in line 11
INFO : [Instruction.PORT_WR] > No time specified for command will use s_time in line 13
INFO : [Instruction.PORT_WR] > No time specified for command will use s_time in line 16
INFO : [Instruction.PORT_WR] > No time specified for command will use s_time in line 18
INFO : [Instruction.PORT_WR] > No time specified for command will use s_time in line 19
INFO : [Instruction.PORT_WR] > No time specified for command will use s_time in line 21
INFO : [Instruction.PORT_WR] > No time specified for command will use s_time in line 22
INFO : [COMMAND_TRANSLATION] > Command Wait add one more instruction 24
INFO : [LIST2BIN] > ##### LIST 2 BIN
INFO : [Instruction.PORT_WR] > No time specified for command will use s_time in line 9
INFO : [Instruction.PORT_WR] > No time specified for command will use s_time in line 13
INFO : [Instruction.PORT_WR] > No time specified for command will use s_time in line 15
INFO : [Instruction.PORT_WR] > No time specified for command will use s_time in line 16
INFO : [Instruction.PORT_WR] > No time specified for command will use s_time in line 18
INFO : [Instruction.PORT_WR] > No time specified for command will use s_time in line 19
INFO : [COMMAND_TRANSLATION] > Command Wait add one more instruction 21
INFO : [LIST2BIN] > ##### LIST 2 BIN
INFO : [Instruction.PORT_WR] > No time specified for command will use s_time in line 9
INFO : [Instruction.PORT_WR] > No time specified for command will use s_time in line 11
INFO : [Instruction.PORT_WR] > No time specified for command will use s_time in line 13
INFO : [Instruction.PORT_WR] > No time specified for command will use s_time in line 16
INFO : [Instruction.PORT_WR] > No time specified for command will use s_time in line 18
INFO : [Instruction.PORT_WR] > No time specified for command will use s_time in line 19
INFO : [Instruction.PORT_WR] > No time specified for command will use s_time in line 21
INFO : [Instruction.PORT_WR] > No time specified for command will use s_time in line 22
INFO : [COMMAND_TRANSLATION] > Command Wait add one more instruction 24
INFO : [LIST2BIN] > ##### LIST 2 BIN
INFO : [Instruction.PORT_WR] > No time specified for command will use s_time in line 9
INFO : [Instruction.PORT_WR] > No time specified for command will use s_time in line 13
INFO : [Instruction.PORT_WR] > No time specified for command will use s_time in line 15
INFO : [Instruction.PORT_WR] > No time specified for command will use s_time in line 16
INFO : [Instruction.PORT_WR] > No time specified for command will use s_time in line 18
INFO : [Instruction.PORT_WR] > No time specified for command will use s_time in line 19
INFO : [COMMAND_TRANSLATION] > Command Wait add one more instruction 21
INFO : [LIST2BIN] > ##### LIST 2 BIN
INFO : [Instruction.PORT_WR] > No time specified for command will use s_time in line 9
INFO : [Instruction.PORT_WR] > No time specified for command will use s_time in line 11
INFO : [Instruction.PORT_WR] > No time specified for command will use s_time in line 13
INFO : [Instruction.PORT_WR] > No time specified for command will use s_time in line 16
INFO : [Instruction.PORT_WR] > No time specified for command will use s_time in line 18
INFO : [Instruction.PORT_WR] > No time specified for command will use s_time in line 19
INFO : [Instruction.PORT_WR] > No time specified for command will use s_time in line 21
INFO : [Instruction.PORT_WR] > No time specified for command will use s_time in line 22
INFO : [COMMAND_TRANSLATION] > Command Wait add one more instruction 24
INFO : [LIST2BIN] > ##### LIST 2 BIN
INFO : [Instruction.PORT_WR] > No time specified for command will use s_time in line 9
INFO : [Instruction.PORT_WR] > No time specified for command will use s_time in line 13
INFO : [Instruction.PORT_WR] > No time specified for command will use s_time in line 15
INFO : [Instruction.PORT_WR] > No time specified for command will use s_time in line 16
INFO : [Instruction.PORT_WR] > No time specified for command will use s_time in line 18
INFO : [Instruction.PORT_WR] > No time specified for command will use s_time in line 19
INFO : [COMMAND_TRANSLATION] > Command Wait add one more instruction 21
INFO : [LIST2BIN] > ##### LIST 2 BIN
INFO : [Instruction.PORT_WR] > No time specified for command will use s_time in line 9
INFO : [Instruction.PORT_WR] > No time specified for command will use s_time in line 11
INFO : [Instruction.PORT_WR] > No time specified for command will use s_time in line 13
INFO : [Instruction.PORT_WR] > No time specified for command will use s_time in line 16
INFO : [Instruction.PORT_WR] > No time specified for command will use s_time in line 18
INFO : [Instruction.PORT_WR] > No time specified for command will use s_time in line 19
INFO : [Instruction.PORT_WR] > No time specified for command will use s_time in line 21
INFO : [Instruction.PORT_WR] > No time specified for command will use s_time in line 22
INFO : [COMMAND_TRANSLATION] > Command Wait add one more instruction 24
INFO : [LIST2BIN] > ##### LIST 2 BIN
INFO : [Instruction.PORT_WR] > No time specified for command will use s_time in line 9
INFO : [Instruction.PORT_WR] > No time specified for command will use s_time in line 13
INFO : [Instruction.PORT_WR] > No time specified for command will use s_time in line 15
INFO : [Instruction.PORT_WR] > No time specified for command will use s_time in line 16
INFO : [Instruction.PORT_WR] > No time specified for command will use s_time in line 18
INFO : [Instruction.PORT_WR] > No time specified for command will use s_time in line 19
INFO : [COMMAND_TRANSLATION] > Command Wait add one more instruction 21
INFO : [LIST2BIN] > ##### LIST 2 BIN
INFO : [Instruction.PORT_WR] > No time specified for command will use s_time in line 9
INFO : [Instruction.PORT_WR] > No time specified for command will use s_time in line 11
INFO : [Instruction.PORT_WR] > No time specified for command will use s_time in line 13
INFO : [Instruction.PORT_WR] > No time specified for command will use s_time in line 16
INFO : [Instruction.PORT_WR] > No time specified for command will use s_time in line 18
INFO : [Instruction.PORT_WR] > No time specified for command will use s_time in line 19
INFO : [Instruction.PORT_WR] > No time specified for command will use s_time in line 21
INFO : [Instruction.PORT_WR] > No time specified for command will use s_time in line 22
INFO : [COMMAND_TRANSLATION] > Command Wait add one more instruction 24
INFO : [LIST2BIN] > ##### LIST 2 BIN
INFO : [Instruction.PORT_WR] > No time specified for command will use s_time in line 9
INFO : [Instruction.PORT_WR] > No time specified for command will use s_time in line 13
INFO : [Instruction.PORT_WR] > No time specified for command will use s_time in line 15
INFO : [Instruction.PORT_WR] > No time specified for command will use s_time in line 16
INFO : [Instruction.PORT_WR] > No time specified for command will use s_time in line 18
INFO : [Instruction.PORT_WR] > No time specified for command will use s_time in line 19
INFO : [COMMAND_TRANSLATION] > Command Wait add one more instruction 21
INFO : [LIST2BIN] > ##### LIST 2 BIN
INFO : [Instruction.PORT_WR] > No time specified for command will use s_time in line 9
INFO : [Instruction.PORT_WR] > No time specified for command will use s_time in line 11
INFO : [Instruction.PORT_WR] > No time specified for command will use s_time in line 13
INFO : [Instruction.PORT_WR] > No time specified for command will use s_time in line 16
INFO : [Instruction.PORT_WR] > No time specified for command will use s_time in line 18
INFO : [Instruction.PORT_WR] > No time specified for command will use s_time in line 19
INFO : [Instruction.PORT_WR] > No time specified for command will use s_time in line 21
INFO : [Instruction.PORT_WR] > No time specified for command will use s_time in line 22
INFO : [COMMAND_TRANSLATION] > Command Wait add one more instruction 24
INFO : [LIST2BIN] > ##### LIST 2 BIN
INFO : [Instruction.PORT_WR] > No time specified for command will use s_time in line 9
INFO : [Instruction.PORT_WR] > No time specified for command will use s_time in line 13
INFO : [Instruction.PORT_WR] > No time specified for command will use s_time in line 15
INFO : [Instruction.PORT_WR] > No time specified for command will use s_time in line 16
INFO : [Instruction.PORT_WR] > No time specified for command will use s_time in line 18
INFO : [Instruction.PORT_WR] > No time specified for command will use s_time in line 19
INFO : [COMMAND_TRANSLATION] > Command Wait add one more instruction 21
INFO : [LIST2BIN] > ##### LIST 2 BIN
INFO : [Instruction.PORT_WR] > No time specified for command will use s_time in line 9
INFO : [Instruction.PORT_WR] > No time specified for command will use s_time in line 11
INFO : [Instruction.PORT_WR] > No time specified for command will use s_time in line 13
INFO : [Instruction.PORT_WR] > No time specified for command will use s_time in line 16
INFO : [Instruction.PORT_WR] > No time specified for command will use s_time in line 18
INFO : [Instruction.PORT_WR] > No time specified for command will use s_time in line 19
INFO : [Instruction.PORT_WR] > No time specified for command will use s_time in line 21
INFO : [Instruction.PORT_WR] > No time specified for command will use s_time in line 22
INFO : [COMMAND_TRANSLATION] > Command Wait add one more instruction 24
INFO : [LIST2BIN] > ##### LIST 2 BIN
INFO : [Instruction.PORT_WR] > No time specified for command will use s_time in line 9
INFO : [Instruction.PORT_WR] > No time specified for command will use s_time in line 13
INFO : [Instruction.PORT_WR] > No time specified for command will use s_time in line 15
INFO : [Instruction.PORT_WR] > No time specified for command will use s_time in line 16
INFO : [Instruction.PORT_WR] > No time specified for command will use s_time in line 18
INFO : [Instruction.PORT_WR] > No time specified for command will use s_time in line 19
INFO : [COMMAND_TRANSLATION] > Command Wait add one more instruction 21
INFO : [LIST2BIN] > ##### LIST 2 BIN
INFO : [Instruction.PORT_WR] > No time specified for command will use s_time in line 9
INFO : [Instruction.PORT_WR] > No time specified for command will use s_time in line 11
INFO : [Instruction.PORT_WR] > No time specified for command will use s_time in line 13
INFO : [Instruction.PORT_WR] > No time specified for command will use s_time in line 16
INFO : [Instruction.PORT_WR] > No time specified for command will use s_time in line 18
INFO : [Instruction.PORT_WR] > No time specified for command will use s_time in line 19
INFO : [Instruction.PORT_WR] > No time specified for command will use s_time in line 21
INFO : [Instruction.PORT_WR] > No time specified for command will use s_time in line 22
INFO : [COMMAND_TRANSLATION] > Command Wait add one more instruction 24
INFO : [LIST2BIN] > ##### LIST 2 BIN
INFO : [Instruction.PORT_WR] > No time specified for command will use s_time in line 9
INFO : [Instruction.PORT_WR] > No time specified for command will use s_time in line 13
INFO : [Instruction.PORT_WR] > No time specified for command will use s_time in line 15
INFO : [Instruction.PORT_WR] > No time specified for command will use s_time in line 16
INFO : [Instruction.PORT_WR] > No time specified for command will use s_time in line 18
INFO : [Instruction.PORT_WR] > No time specified for command will use s_time in line 19
INFO : [COMMAND_TRANSLATION] > Command Wait add one more instruction 21
INFO : [LIST2BIN] > ##### LIST 2 BIN
INFO : [Instruction.PORT_WR] > No time specified for command will use s_time in line 9
INFO : [Instruction.PORT_WR] > No time specified for command will use s_time in line 11
INFO : [Instruction.PORT_WR] > No time specified for command will use s_time in line 13
INFO : [Instruction.PORT_WR] > No time specified for command will use s_time in line 16
INFO : [Instruction.PORT_WR] > No time specified for command will use s_time in line 18
INFO : [Instruction.PORT_WR] > No time specified for command will use s_time in line 19
INFO : [Instruction.PORT_WR] > No time specified for command will use s_time in line 21
INFO : [Instruction.PORT_WR] > No time specified for command will use s_time in line 22
INFO : [COMMAND_TRANSLATION] > Command Wait add one more instruction 24
